Using pre-set license
Built from '2020.2/staging' branch; Version is '2020.2.3f1 (8ff31bc5bf5b) revision 9433883'; Using compiler version '192528614'; Build Type 'Release'
OS: 'Windows 10 Home; OS build 19041.746; Version 2004; 64bit' Language: 'sv' Physical Memory: 16313 MB
BatchMode: 1, IsHumanControllingUs: 0, StartBugReporterOnCrash: 0, Is64bit: 1, IsPro: 0

 COMMAND LINE ARGUMENTS:
C:\Program Files\Unity\Hub\Editor\2020.2.3f1\Editor\Unity.exe
-adb2
-batchMode
-noUpm
-name
AssetImportWorker0
-projectPath
C:/Users/otili/Documents/GameProject_1Line/Portra╠êtt av Do╠êden
-logFile
Logs/AssetImportWorker0.log
-srvPort
53081
Successfully changed project path to: C:/Users/otili/Documents/GameProject_1Line/Portra╠êtt av Do╠êden
C:/Users/otili/Documents/GameProject_1Line/Portra╠êtt av Do╠êden
Using Asset Import Pipeline V2.
Refreshing native plugins compatible for Editor in 21.69 ms, found 0 plugins.
Preloading 0 native plugins for Editor in 0.00 ms.
Initialize engine version: 2020.2.3f1 (8ff31bc5bf5b)
[Subsystems] Discovering subsystems at path C:/Program Files/Unity/Hub/Editor/2020.2.3f1/Editor/Data/Resources/UnitySubsystems
[Subsystems] Discovering subsystems at path C:/Users/otili/Documents/GameProject_1Line/Portra╠êtt av Do╠êden/Assets
GfxDevice: creating device client; threaded=0
Direct3D:
    Version:  Direct3D 11.0 [level 11.1]
    Renderer: NVIDIA GeForce RTX 2060 SUPER (ID=0x1f06)
    Vendor:   
    VRAM:     8031 MB
    Driver:   27.21.14.5730
Initialize mono
Mono path[0] = 'C:/Program Files/Unity/Hub/Editor/2020.2.3f1/Editor/Data/Managed'
Mono path[1] = 'C:/Program Files/Unity/Hub/Editor/2020.2.3f1/Editor/Data/MonoBleedingEdge/lib/mono/unityjit'
Mono config path = 'C:/Program Files/Unity/Hub/Editor/2020.2.3f1/Editor/Data/MonoBleedingEdge/etc'
Using monoOptions --debugger-agent=transport=dt_socket,embedding=1,server=y,suspend=n,address=127.0.0.1:56516
Begin MonoManager ReloadAssembly
Registering precompiled unity dll's ...
Register platform support module: C:/Program Files/Unity/Hub/Editor/2020.2.3f1/Editor/Data/PlaybackEngines/WebGLSupport/UnityEditor.WebGL.Extensions.dll
Register platform support module: C:/Program Files/Unity/Hub/Editor/2020.2.3f1/Editor/Data/PlaybackEngines/WindowsStandaloneSupport/UnityEditor.WindowsStandalone.Extensions.dll
Registered in 0.002467 seconds.
Native extension for WindowsStandalone target not found
Native extension for WebGL target not found
Refreshing native plugins compatible for Editor in 23.04 ms, found 0 plugins.
Preloading 0 native plugins for Editor in 0.00 ms.
Invoked RoslynAnalysisRunner static constructor.
RoslynAnalysisRunner will not be running.
RoslynAnalysisRunner has terminated.
Mono: successfully reloaded assembly
- Completed reload, in  1.068 seconds
Platform modules already initialized, skipping
Registering precompiled user dll's ...
Registered in 0.000731 seconds.
Begin MonoManager ReloadAssembly
Native extension for WindowsStandalone target not found
Native extension for WebGL target not found
Refreshing native plugins compatible for Editor in 0.26 ms, found 0 plugins.
Preloading 0 native plugins for Editor in 0.00 ms.
Invoked RoslynAnalysisRunner static constructor.
RoslynAnalysisRunner will not be running.
RoslynAnalysisRunner has terminated.
Mono: successfully reloaded assembly
- Completed reload, in  0.689 seconds
Platform modules already initialized, skipping
========================================================================
Worker process is ready to serve import requests
Launched and connected shader compiler UnityShaderCompiler.exe after 0.05 seconds
Refreshing native plugins compatible for Editor in 0.26 ms, found 0 plugins.
Preloading 0 native plugins for Editor in 0.00 ms.
Unloading 1165 Unused Serialized files (Serialized files now loaded: 0)
System memory in use before: 58.5 MB.
System memory in use after: 58.6 MB.

Unloading 13 unused Assets to reduce memory usage. Loaded Objects now: 1611.
Total: 1.656800 ms (FindLiveObjects: 0.158000 ms CreateObjectMapping: 0.030300 ms MarkObjects: 1.415800 ms  DeleteObjects: 0.051800 ms)

========================================================================
Received Prepare
Registering precompiled user dll's ...
Registered in 0.001190 seconds.
Begin MonoManager ReloadAssembly
Native extension for WindowsStandalone target not found
Native extension for WebGL target not found
Refreshing native plugins compatible for Editor in 0.27 ms, found 0 plugins.
Preloading 0 native plugins for Editor in 0.00 ms.
Invoked RoslynAnalysisRunner static constructor.
RoslynAnalysisRunner will not be running.
RoslynAnalysisRunner has terminated.
Mono: successfully reloaded assembly
- Completed reload, in  0.677 seconds
Platform modules already initialized, skipping
Refreshing native plugins compatible for Editor in 0.25 ms, found 0 plugins.
Preloading 0 native plugins for Editor in 0.00 ms.
Unloading 1160 Unused Serialized files (Serialized files now loaded: 0)
System memory in use before: 58.5 MB.
System memory in use after: 58.6 MB.

Unloading 4 unused Assets to reduce memory usage. Loaded Objects now: 1613.
Total: 1.825400 ms (FindLiveObjects: 0.171600 ms CreateObjectMapping: 0.028000 ms MarkObjects: 1.605500 ms  DeleteObjects: 0.018600 ms)

========================================================================
Received Import Request.
  path: Assets/Sprites/keramik6.png
  artifactKey: Guid(f5b491280d6878f43add285cb91c3ff6) Importer(815301076,1909f56bfc062723c751e8b465ee728b)
Start importing Assets/Sprites/keramik6.png using Guid(f5b491280d6878f43add285cb91c3ff6) Importer(815301076,1909f56bfc062723c751e8b465ee728b)  -> (artifact id: 'e1b66d5725a11728e149febad11fe87e') in 0.116746 seconds
  Import took 0.119031 seconds .

========================================================================
Received Import Request.
  Time since last request: 5.890423 seconds.
  path: Assets/Scenes/Game.unity
  artifactKey: Guid(2cda990e2423bbf4892e6590ba056729) Importer(815301076,1909f56bfc062723c751e8b465ee728b)
Start importing Assets/Scenes/Game.unity using Guid(2cda990e2423bbf4892e6590ba056729) Importer(815301076,1909f56bfc062723c751e8b465ee728b)  -> (artifact id: '5656b62600faa6fe7c85cfce7a261b90') in 0.002714 seconds
  Import took 0.004582 seconds .

========================================================================
Received Import Request.
  Time since last request: 94.687828 seconds.
  path: Assets/Sprites/utstallning.png
  artifactKey: Guid(9fe3e1ee51d4e86429658b89577b76c7) Importer(815301076,1909f56bfc062723c751e8b465ee728b)
Start importing Assets/Sprites/utstallning.png using Guid(9fe3e1ee51d4e86429658b89577b76c7) Importer(815301076,1909f56bfc062723c751e8b465ee728b)  -> (artifact id: 'c892fb035ce9bad5268fd3470e030503') in 0.015896 seconds
  Import took 0.018268 seconds .

========================================================================
Received Prepare
Registering precompiled user dll's ...
Registered in 0.000791 seconds.
Begin MonoManager ReloadAssembly
Native extension for WindowsStandalone target not found
Native extension for WebGL target not found
Refreshing native plugins compatible for Editor in 0.27 ms, found 0 plugins.
Preloading 0 native plugins for Editor in 0.00 ms.
Invoked RoslynAnalysisRunner static constructor.
RoslynAnalysisRunner will not be running.
RoslynAnalysisRunner has terminated.
Mono: successfully reloaded assembly
- Completed reload, in  0.667 seconds
Platform modules already initialized, skipping
Refreshing native plugins compatible for Editor in 0.34 ms, found 0 plugins.
Preloading 0 native plugins for Editor in 0.00 ms.
Unloading 1160 Unused Serialized files (Serialized files now loaded: 0)
System memory in use before: 61.6 MB.
System memory in use after: 61.7 MB.

Unloading 4 unused Assets to reduce memory usage. Loaded Objects now: 1621.
Total: 1.704800 ms (FindLiveObjects: 0.184100 ms CreateObjectMapping: 0.031400 ms MarkObjects: 1.471100 ms  DeleteObjects: 0.016900 ms)

========================================================================
Received Prepare
Registering precompiled user dll's ...
Registered in 0.000816 seconds.
Begin MonoManager ReloadAssembly
Native extension for WindowsStandalone target not found
Native extension for WebGL target not found
Refreshing native plugins compatible for Editor in 0.26 ms, found 0 plugins.
Preloading 0 native plugins for Editor in 0.00 ms.
Invoked RoslynAnalysisRunner static constructor.
RoslynAnalysisRunner will not be running.
RoslynAnalysisRunner has terminated.
Mono: successfully reloaded assembly
- Completed reload, in  0.675 seconds
Platform modules already initialized, skipping
Refreshing native plugins compatible for Editor in 0.24 ms, found 0 plugins.
Preloading 0 native plugins for Editor in 0.00 ms.
Unloading 1160 Unused Serialized files (Serialized files now loaded: 0)
System memory in use before: 61.7 MB.
System memory in use after: 61.7 MB.

Unloading 4 unused Assets to reduce memory usage. Loaded Objects now: 1623.
Total: 1.601300 ms (FindLiveObjects: 0.190600 ms CreateObjectMapping: 0.030600 ms MarkObjects: 1.366000 ms  DeleteObjects: 0.013000 ms)

========================================================================
Received Prepare
Refreshing native plugins compatible for Editor in 0.97 ms, found 0 plugins.
Preloading 0 native plugins for Editor in 0.00 ms.
Unloading 3 Unused Serialized files (Serialized files now loaded: 0)
System memory in use before: 38.7 MB.
System memory in use after: 38.8 MB.

Unloading 2 unused Assets to reduce memory usage. Loaded Objects now: 1623.
Total: 1.547200 ms (FindLiveObjects: 0.162600 ms CreateObjectMapping: 0.031200 ms MarkObjects: 1.340700 ms  DeleteObjects: 0.011200 ms)

========================================================================
Received Import Request.
  Time since last request: 207.323383 seconds.
  path: Assets/Sprites/statist6.png
  artifactKey: Guid(57aabc2d6bfe9496885084c8895725e0) Importer(815301076,1909f56bfc062723c751e8b465ee728b)
Start importing Assets/Sprites/statist6.png using Guid(57aabc2d6bfe9496885084c8895725e0) Importer(815301076,1909f56bfc062723c751e8b465ee728b)  -> (artifact id: 'a14866da9a0330e763c431b58ac5dffa') in 0.054096 seconds
  Import took 0.056189 seconds .

========================================================================
Received Import Request.
  Time since last request: 0.000316 seconds.
  path: Assets/Sprites/Untitled-3.png
  artifactKey: Guid(f79e78c90b2b44ec387b84c83da6f40f) Importer(815301076,1909f56bfc062723c751e8b465ee728b)
Start importing Assets/Sprites/Untitled-3.png using Guid(f79e78c90b2b44ec387b84c83da6f40f) Importer(815301076,1909f56bfc062723c751e8b465ee728b)  -> (artifact id: '51971b6203d6d3a1e6087f423572f09a') in 0.032276 seconds
  Import took 0.034009 seconds .

========================================================================
Received Import Request.
  Time since last request: 0.000254 seconds.
  path: Assets/Sprites/statist2klarish.png
  artifactKey: Guid(40c47afe4f498d448a4cc3b3f45b0052) Importer(815301076,1909f56bfc062723c751e8b465ee728b)
Start importing Assets/Sprites/statist2klarish.png using Guid(40c47afe4f498d448a4cc3b3f45b0052) Importer(815301076,1909f56bfc062723c751e8b465ee728b)  -> (artifact id: '47eb8210469d54b1976e418e4a6750d8') in 0.011420 seconds
  Import took 0.013471 seconds .

========================================================================
Received Import Request.
  Time since last request: 0.000260 seconds.
  path: Assets/Sprites/Untitled-2.png
  artifactKey: Guid(26e3479dc04504622bc1a43969f7921f) Importer(815301076,1909f56bfc062723c751e8b465ee728b)
Start importing Assets/Sprites/Untitled-2.png using Guid(26e3479dc04504622bc1a43969f7921f) Importer(815301076,1909f56bfc062723c751e8b465ee728b)  -> (artifact id: '6528316a5f500fd3ed38ea2685d85ae3') in 0.017319 seconds
  Import took 0.019248 seconds .

========================================================================
Received Import Request.
  Time since last request: 0.000237 seconds.
  path: Assets/Sprites/Screenshot_2021-02-03_at_09.55.45.png
  artifactKey: Guid(6c12bd2f0917f4a6482cce991d00ba60) Importer(815301076,1909f56bfc062723c751e8b465ee728b)
Start importing Assets/Sprites/Screenshot_2021-02-03_at_09.55.45.png using Guid(6c12bd2f0917f4a6482cce991d00ba60) Importer(815301076,1909f56bfc062723c751e8b465ee728b)  -> (artifact id: '24c902c045f5820a110d08c06462e317') in 0.018651 seconds
  Import took 0.020494 seconds .

========================================================================
Received Import Request.
  Time since last request: 0.000271 seconds.
  path: Assets/Sprites/Larsikruka.png
  artifactKey: Guid(5d7e0958d107a2c40a4fba0dcb9f8d20) Importer(815301076,1909f56bfc062723c751e8b465ee728b)
Start importing Assets/Sprites/Larsikruka.png using Guid(5d7e0958d107a2c40a4fba0dcb9f8d20) Importer(815301076,1909f56bfc062723c751e8b465ee728b)  -> (artifact id: '0a104e5c56fb4d2b9a22b4836deedb8b') in 0.031616 seconds
  Import took 0.033847 seconds .

========================================================================
Received Import Request.
  Time since last request: 0.000289 seconds.
  path: Assets/Sprites/Portratt.png
  artifactKey: Guid(0e9589beb726b1244b680dadd7ff65d2) Importer(815301076,1909f56bfc062723c751e8b465ee728b)
Start importing Assets/Sprites/Portratt.png using Guid(0e9589beb726b1244b680dadd7ff65d2) Importer(815301076,1909f56bfc062723c751e8b465ee728b)  -> (artifact id: '43907a610d6e176f26b2458ad9868355') in 0.027963 seconds
  Import took 0.029694 seconds .

========================================================================
Received Import Request.
  Time since last request: 0.000264 seconds.
  path: Assets/Sprites/TavlorrummetutanCatti.png
  artifactKey: Guid(8ed4d6be9d2c6d24e855fe88a9985147) Importer(815301076,1909f56bfc062723c751e8b465ee728b)
Start importing Assets/Sprites/TavlorrummetutanCatti.png using Guid(8ed4d6be9d2c6d24e855fe88a9985147) Importer(815301076,1909f56bfc062723c751e8b465ee728b)  -> (artifact id: '03be423b40287631c6863b84a9cc6339') in 0.013173 seconds
  Import took 0.014933 seconds .

========================================================================
Received Import Request.
  Time since last request: 0.000277 seconds.
  path: Assets/Sprites/Skarmavbild_2021-02-05_kl._09.57.04.png
  artifactKey: Guid(238ed188fdbcf4d99aafe7889614c91f) Importer(815301076,1909f56bfc062723c751e8b465ee728b)
Start importing Assets/Sprites/Skarmavbild_2021-02-05_kl._09.57.04.png using Guid(238ed188fdbcf4d99aafe7889614c91f) Importer(815301076,1909f56bfc062723c751e8b465ee728b)  -> (artifact id: '29a28a7ae79f948c9c13c285479d7e57') in 0.018576 seconds
  Import took 0.021210 seconds .

========================================================================
Received Import Request.
  Time since last request: 0.000271 seconds.
  path: Assets/Sprites/kulturtant.png
  artifactKey: Guid(a7b6984f66e7f4bc592aa6a501fd9745) Importer(815301076,1909f56bfc062723c751e8b465ee728b)
Start importing Assets/Sprites/kulturtant.png using Guid(a7b6984f66e7f4bc592aa6a501fd9745) Importer(815301076,1909f56bfc062723c751e8b465ee728b)  -> (artifact id: '9235d29ebaf632fdf0f90f3f45ae100c') in 0.018045 seconds
  Import took 0.020144 seconds .

========================================================================
Received Import Request.
  Time since last request: 0.000302 seconds.
  path: Assets/Sprites/Kniv.png
  artifactKey: Guid(a81c03d090e625e429e83055042bd8c8) Importer(815301076,1909f56bfc062723c751e8b465ee728b)
Start importing Assets/Sprites/Kniv.png using Guid(a81c03d090e625e429e83055042bd8c8) Importer(815301076,1909f56bfc062723c751e8b465ee728b)  -> (artifact id: '9c1d88ef53b1a4ce009ee72d7cf96915') in 0.018139 seconds
  Import took 0.020326 seconds .

========================================================================
Received Import Request.
  Time since last request: 0.000276 seconds.
  path: Assets/Sprites/pngfind.com-arrow-pointing-right-png-3023323.png
  artifactKey: Guid(417fbc131f8ddd346b29d1e7daffbf6a) Importer(815301076,1909f56bfc062723c751e8b465ee728b)
Start importing Assets/Sprites/pngfind.com-arrow-pointing-right-png-3023323.png using Guid(417fbc131f8ddd346b29d1e7daffbf6a) Importer(815301076,1909f56bfc062723c751e8b465ee728b)  -> (artifact id: '471d662a53cd0d9d06b98104982ce928') in 0.014411 seconds
  Import took 0.016207 seconds .

========================================================================
Received Import Request.
  Time since last request: 0.000221 seconds.
  path: Assets/Sprites/Tavlorrummet2.png
  artifactKey: Guid(5d685914a54ea0f4a8442315cfd3c628) Importer(815301076,1909f56bfc062723c751e8b465ee728b)
Start importing Assets/Sprites/Tavlorrummet2.png using Guid(5d685914a54ea0f4a8442315cfd3c628) Importer(815301076,1909f56bfc062723c751e8b465ee728b)  -> (artifact id: '6969a16975ddc54735b3270660f547e0') in 0.012087 seconds
  Import took 0.013861 seconds .

========================================================================
Received Import Request.
  Time since last request: 0.000219 seconds.
  path: Assets/Sprites/Square.png
  artifactKey: Guid(0af75beb718619c419f1872a66e64597) Importer(815301076,1909f56bfc062723c751e8b465ee728b)
Start importing Assets/Sprites/Square.png using Guid(0af75beb718619c419f1872a66e64597) Importer(815301076,1909f56bfc062723c751e8b465ee728b)  -> (artifact id: 'b7f2985522eda2c0d2ff005b9cfc02b5') in 0.015251 seconds
  Import took 0.017199 seconds .

========================================================================
Received Import Request.
  Time since last request: 0.000312 seconds.
  path: Assets/Sprites/Skarmavbild_2021-02-05_kl._09.57.04 (1).png
  artifactKey: Guid(952af0224af274f70ae8deee7d4402fd) Importer(815301076,1909f56bfc062723c751e8b465ee728b)
Start importing Assets/Sprites/Skarmavbild_2021-02-05_kl._09.57.04 (1).png using Guid(952af0224af274f70ae8deee7d4402fd) Importer(815301076,1909f56bfc062723c751e8b465ee728b)  -> (artifact id: '1803724c7325ef56ca6c9b980415284e') in 0.014623 seconds
  Import took 0.016552 seconds .

========================================================================
Received Import Request.
  Time since last request: 0.000231 seconds.
  path: Assets/Sprites/statistanimation.png
  artifactKey: Guid(0572f2bc9faff4f9db05c7395ff55013) Importer(815301076,1909f56bfc062723c751e8b465ee728b)
Start importing Assets/Sprites/statistanimation.png using Guid(0572f2bc9faff4f9db05c7395ff55013) Importer(815301076,1909f56bfc062723c751e8b465ee728b)  -> (artifact id: 'dc7150f0d33d1ae29bc685a636cde2e6') in 0.033841 seconds
  Import took 0.035617 seconds .

========================================================================
Received Import Request.
  Time since last request: 0.000238 seconds.
  path: Assets/Sprites/statist3.png
  artifactKey: Guid(ad0096830b934f646aaa62415e1aa34a) Importer(815301076,1909f56bfc062723c751e8b465ee728b)
Start importing Assets/Sprites/statist3.png using Guid(ad0096830b934f646aaa62415e1aa34a) Importer(815301076,1909f56bfc062723c751e8b465ee728b)  -> (artifact id: 'd676c52e44713ec2469e55030d67c380') in 0.014197 seconds
  Import took 0.016069 seconds .

========================================================================
Received Import Request.
  Time since last request: 0.000313 seconds.
  path: Assets/Sprites/TabletMap.png
  artifactKey: Guid(d91290bbd9e634a2cb9072fd4221b267) Importer(815301076,1909f56bfc062723c751e8b465ee728b)
Start importing Assets/Sprites/TabletMap.png using Guid(d91290bbd9e634a2cb9072fd4221b267) Importer(815301076,1909f56bfc062723c751e8b465ee728b)  -> (artifact id: 'acb1e8fc778dfaae1ce3567b07bc9000') in 0.019745 seconds
  Import took 0.021771 seconds .

========================================================================
Received Import Request.
  Time since last request: 0.000267 seconds.
  path: Assets/Sprites/TabletHome.png
  artifactKey: Guid(b5b6953a247fc694596f8881034a1278) Importer(815301076,1909f56bfc062723c751e8b465ee728b)
Start importing Assets/Sprites/TabletHome.png using Guid(b5b6953a247fc694596f8881034a1278) Importer(815301076,1909f56bfc062723c751e8b465ee728b)  -> (artifact id: '7ac8f953301af54a31b148e390bdc94c') in 0.017726 seconds
  Import took 0.019582 seconds .

========================================================================
Received Import Request.
  Time since last request: 0.000274 seconds.
  path: Assets/Sprites/Note_1.png
  artifactKey: Guid(cfcc7d4e946a6664cbbeffc8a989c9d7) Importer(815301076,1909f56bfc062723c751e8b465ee728b)
Start importing Assets/Sprites/Note_1.png using Guid(cfcc7d4e946a6664cbbeffc8a989c9d7) Importer(815301076,1909f56bfc062723c751e8b465ee728b)  -> (artifact id: 'b7eeac74e559c7adeadc09a3cce1d780') in 0.020167 seconds
  Import took 0.021855 seconds .

========================================================================
Received Import Request.
  Time since last request: 0.000322 seconds.
  path: Assets/Sprites/Kruka.png
  artifactKey: Guid(74cfc6ff092425d4397fac29c0003a7f) Importer(815301076,1909f56bfc062723c751e8b465ee728b)
Start importing Assets/Sprites/Kruka.png using Guid(74cfc6ff092425d4397fac29c0003a7f) Importer(815301076,1909f56bfc062723c751e8b465ee728b)  -> (artifact id: '26ae0d669b9925fc5380b0808e033989') in 0.016007 seconds
  Import took 0.018377 seconds .

========================================================================
Received Import Request.
  Time since last request: 0.000223 seconds.
  path: Assets/Sprites/larslerinklar.png
  artifactKey: Guid(f7e1e2d0e8ff7344d937d8d8cc424bc6) Importer(815301076,1909f56bfc062723c751e8b465ee728b)
Start importing Assets/Sprites/larslerinklar.png using Guid(f7e1e2d0e8ff7344d937d8d8cc424bc6) Importer(815301076,1909f56bfc062723c751e8b465ee728b)  -> (artifact id: '356d70db559e2a5b4105693694025774') in 0.029192 seconds
  Import took 0.032079 seconds .

========================================================================
Received Import Request.
  Time since last request: 0.000297 seconds.
  path: Assets/Sprites/Knivtoalett.png
  artifactKey: Guid(62a3b27dff6793342a15077f63c7ab43) Importer(815301076,1909f56bfc062723c751e8b465ee728b)
Start importing Assets/Sprites/Knivtoalett.png using Guid(62a3b27dff6793342a15077f63c7ab43) Importer(815301076,1909f56bfc062723c751e8b465ee728b)  -> (artifact id: 'dd42c9edb4b7c803e6d3462e67125022') in 0.016413 seconds
  Import took 0.018461 seconds .

========================================================================
Received Import Request.
  Time since last request: 0.000283 seconds.
  path: Assets/Sprites/larslerinklar.png
  artifactKey: Guid(f7e1e2d0e8ff7344d937d8d8cc424bc6) Importer(815301076,1909f56bfc062723c751e8b465ee728b)
Start importing Assets/Sprites/larslerinklar.png using Guid(f7e1e2d0e8ff7344d937d8d8cc424bc6) Importer(815301076,1909f56bfc062723c751e8b465ee728b)  -> (artifact id: '356d70db559e2a5b4105693694025774') in 0.031121 seconds
  Import took 0.033870 seconds .

========================================================================
Received Import Request.
  Time since last request: 0.000306 seconds.
  path: Assets/Sprites/vecteezy_x_1192553.png
  artifactKey: Guid(eee3883ef25feb64b89502e77627c849) Importer(815301076,1909f56bfc062723c751e8b465ee728b)
Start importing Assets/Sprites/vecteezy_x_1192553.png using Guid(eee3883ef25feb64b89502e77627c849) Importer(815301076,1909f56bfc062723c751e8b465ee728b)  -> (artifact id: 'a95ca7834c3282806c402db66d2b287e') in 0.009310 seconds
  Import took 0.011310 seconds .

========================================================================
Received Import Request.
  Time since last request: 0.000295 seconds.
  path: Assets/Sprites/Reception.png
  artifactKey: Guid(12130dd2e0482934abb95bdae20cef0a) Importer(815301076,1909f56bfc062723c751e8b465ee728b)
Start importing Assets/Sprites/Reception.png using Guid(12130dd2e0482934abb95bdae20cef0a) Importer(815301076,1909f56bfc062723c751e8b465ee728b)  -> (artifact id: '5cece0b977c891c6accf43000189fdde') in 0.040025 seconds
  Import took 0.041921 seconds .

========================================================================
Received Import Request.
  Time since last request: 0.000230 seconds.
  path: Assets/Sprites/Screenshot_2021-01-27_at_09.16.55.png
  artifactKey: Guid(3600617f96df43e4eb629a6d73d5b8a0) Importer(815301076,1909f56bfc062723c751e8b465ee728b)
Start importing Assets/Sprites/Screenshot_2021-01-27_at_09.16.55.png using Guid(3600617f96df43e4eb629a6d73d5b8a0) Importer(815301076,1909f56bfc062723c751e8b465ee728b)  -> (artifact id: 'd882dd5a2a2e15f18617374900c9bc3a') in 0.013222 seconds
  Import took 0.014968 seconds .

========================================================================
Received Import Request.
  Time since last request: 0.000226 seconds.
  path: Assets/Sprites/Toalettdorrar.png
  artifactKey: Guid(aa9bd56d4c0e3a04ca2e59915423202a) Importer(815301076,1909f56bfc062723c751e8b465ee728b)
Start importing Assets/Sprites/Toalettdorrar.png using Guid(aa9bd56d4c0e3a04ca2e59915423202a) Importer(815301076,1909f56bfc062723c751e8b465ee728b)  -> (artifact id: 'a80218ce87538ffa1635eaac1204604e') in 0.011878 seconds
  Import took 0.013669 seconds .

========================================================================
Received Import Request.
  Time since last request: 0.000259 seconds.
  path: Assets/Sprites/utstallning.png
  artifactKey: Guid(9fe3e1ee51d4e86429658b89577b76c7) Importer(815301076,1909f56bfc062723c751e8b465ee728b)
Start importing Assets/Sprites/utstallning.png using Guid(9fe3e1ee51d4e86429658b89577b76c7) Importer(815301076,1909f56bfc062723c751e8b465ee728b)  -> (artifact id: 'bb56656740ea61bc0e40fd8353abffe0') in 0.009017 seconds
  Import took 0.010763 seconds .

========================================================================
Received Import Request.
  Time since last request: 0.000256 seconds.
  path: Assets/Sprites/trixie3.png
  artifactKey: Guid(5626f3eaf970f4a9ca3938ae82429323) Importer(815301076,1909f56bfc062723c751e8b465ee728b)
Start importing Assets/Sprites/trixie3.png using Guid(5626f3eaf970f4a9ca3938ae82429323) Importer(815301076,1909f56bfc062723c751e8b465ee728b)  -> (artifact id: '23e33d07b2927c721af164f76e1fb86b') in 0.009941 seconds
  Import took 0.011750 seconds .

========================================================================
Received Import Request.
  Time since last request: 0.000283 seconds.
  path: Assets/Sprites/Toalettfransidan.png
  artifactKey: Guid(ad6e75adec107d4428c0aeb0d28ebf98) Importer(815301076,1909f56bfc062723c751e8b465ee728b)
Start importing Assets/Sprites/Toalettfransidan.png using Guid(ad6e75adec107d4428c0aeb0d28ebf98) Importer(815301076,1909f56bfc062723c751e8b465ee728b)  -> (artifact id: '059dc4475be3b9af54e37b4c797fa288') in 0.014297 seconds
  Import took 0.016162 seconds .

========================================================================
Received Prepare
Refreshing native plugins compatible for Editor in 0.84 ms, found 0 plugins.
Preloading 0 native plugins for Editor in 0.00 ms.
Unloading 3 Unused Serialized files (Serialized files now loaded: 0)
System memory in use before: 39.2 MB.
System memory in use after: 39.3 MB.

Unloading 2 unused Assets to reduce memory usage. Loaded Objects now: 1657.
Total: 1.962300 ms (FindLiveObjects: 0.194300 ms CreateObjectMapping: 0.034000 ms MarkObjects: 1.719600 ms  DeleteObjects: 0.013200 ms)

========================================================================
Received Prepare
Refreshing native plugins compatible for Editor in 0.74 ms, found 0 plugins.
Preloading 0 native plugins for Editor in 0.00 ms.
Unloading 3 Unused Serialized files (Serialized files now loaded: 0)
System memory in use before: 39.2 MB.
System memory in use after: 39.3 MB.

Unloading 2 unused Assets to reduce memory usage. Loaded Objects now: 1657.
Total: 2.337900 ms (FindLiveObjects: 0.391500 ms CreateObjectMapping: 0.034900 ms MarkObjects: 1.894700 ms  DeleteObjects: 0.015900 ms)

========================================================================
Received Import Request.
  Time since last request: 128.224348 seconds.
  path: Assets/Animation/detektiv.controller
  artifactKey: Guid(4b49633636e1543f9b720e9779b51eb6) Importer(815301076,1909f56bfc062723c751e8b465ee728b)
Start importing Assets/Animation/detektiv.controller using Guid(4b49633636e1543f9b720e9779b51eb6) Importer(815301076,1909f56bfc062723c751e8b465ee728b)  -> (artifact id: 'f6bc925a377ddf6cdeb40c45d03cb9f3') in 0.007324 seconds
  Import took 0.009562 seconds .

========================================================================
Received Prepare
Refreshing native plugins compatible for Editor in 1.08 ms, found 0 plugins.
Preloading 0 native plugins for Editor in 0.00 ms.
Unloading 3 Unused Serialized files (Serialized files now loaded: 0)
System memory in use before: 39.2 MB.
System memory in use after: 39.3 MB.

Unloading 2 unused Assets to reduce memory usage. Loaded Objects now: 1657.
Total: 2.328400 ms (FindLiveObjects: 0.267400 ms CreateObjectMapping: 0.039400 ms MarkObjects: 2.006400 ms  DeleteObjects: 0.014100 ms)

========================================================================
Received Prepare
Refreshing native plugins compatible for Editor in 0.75 ms, found 0 plugins.
Preloading 0 native plugins for Editor in 0.00 ms.
Unloading 3 Unused Serialized files (Serialized files now loaded: 0)
System memory in use before: 39.2 MB.
System memory in use after: 39.3 MB.

Unloading 2 unused Assets to reduce memory usage. Loaded Objects now: 1657.
Total: 2.378900 ms (FindLiveObjects: 0.331500 ms CreateObjectMapping: 0.029600 ms MarkObjects: 2.003600 ms  DeleteObjects: 0.013000 ms)

AssetImportWorkerClient::OnTransportError - code=2 error=End of file
