Using pre-set license
Built from '2020.2/staging' branch; Version is '2020.2.3f1 (8ff31bc5bf5b) revision 9433883'; Using compiler version '192528614'; Build Type 'Release'
OS: 'Windows 10 Home; OS build 19041.746; Version 2004; 64bit' Language: 'sv' Physical Memory: 16313 MB
BatchMode: 1, IsHumanControllingUs: 0, StartBugReporterOnCrash: 0, Is64bit: 1, IsPro: 0

 COMMAND LINE ARGUMENTS:
C:\Program Files\Unity\Hub\Editor\2020.2.3f1\Editor\Unity.exe
-adb2
-batchMode
-noUpm
-name
AssetImportWorker0
-projectPath
C:/Users/otili/Documents/GameProject_1Line/_Porträtt av Döden/PortrattAvDoden
-logFile
Logs/AssetImportWorker0.log
-srvPort
50873
Successfully changed project path to: C:/Users/otili/Documents/GameProject_1Line/_Porträtt av Döden/PortrattAvDoden
C:/Users/otili/Documents/GameProject_1Line/_Porträtt av Döden/PortrattAvDoden
Using Asset Import Pipeline V2.
Refreshing native plugins compatible for Editor in 34.06 ms, found 1 plugins.
Preloading 0 native plugins for Editor in 0.00 ms.
Initialize engine version: 2020.2.3f1 (8ff31bc5bf5b)
[Subsystems] Discovering subsystems at path C:/Program Files/Unity/Hub/Editor/2020.2.3f1/Editor/Data/Resources/UnitySubsystems
[Subsystems] Discovering subsystems at path C:/Users/otili/Documents/GameProject_1Line/_Porträtt av Döden/PortrattAvDoden/Assets
GfxDevice: creating device client; threaded=0
Direct3D:
    Version:  Direct3D 11.0 [level 11.1]
    Renderer: NVIDIA GeForce RTX 2060 SUPER (ID=0x1f06)
    Vendor:   
    VRAM:     8031 MB
    Driver:   27.21.14.5730
Initialize mono
Mono path[0] = 'C:/Program Files/Unity/Hub/Editor/2020.2.3f1/Editor/Data/Managed'
Mono path[1] = 'C:/Program Files/Unity/Hub/Editor/2020.2.3f1/Editor/Data/MonoBleedingEdge/lib/mono/unityjit'
Mono config path = 'C:/Program Files/Unity/Hub/Editor/2020.2.3f1/Editor/Data/MonoBleedingEdge/etc'
Using monoOptions --debugger-agent=transport=dt_socket,embedding=1,server=y,suspend=n,address=127.0.0.1:56916
Begin MonoManager ReloadAssembly
Registering precompiled unity dll's ...
Register platform support module: C:/Program Files/Unity/Hub/Editor/2020.2.3f1/Editor/Data/PlaybackEngines/WebGLSupport/UnityEditor.WebGL.Extensions.dll
Register platform support module: C:/Program Files/Unity/Hub/Editor/2020.2.3f1/Editor/Data/PlaybackEngines/WindowsStandaloneSupport/UnityEditor.WindowsStandalone.Extensions.dll
Registered in 0.002683 seconds.
Native extension for WindowsStandalone target not found
Native extension for WebGL target not found
Refreshing native plugins compatible for Editor in 32.98 ms, found 1 plugins.
Preloading 0 native plugins for Editor in 0.00 ms.
Invoked RoslynAnalysisRunner static constructor.
RoslynAnalysisRunner will not be running.
RoslynAnalysisRunner has terminated.
Mono: successfully reloaded assembly
- Completed reload, in  1.130 seconds
Platform modules already initialized, skipping
Registering precompiled user dll's ...
Registered in 0.000932 seconds.
Begin MonoManager ReloadAssembly
Symbol file data-000001C6096BEA20 doesn't match image C:\Users\otili\Documents\GameProject_1Line\_Porträtt av Döden\PortrattAvDoden\Library\ScriptAssemblies\UnityEngine.TestRunner.dll
Symbol file LoadedFromMemory is not a mono symbol file
Native extension for WindowsStandalone target not found
Native extension for WebGL target not found
Refreshing native plugins compatible for Editor in 33.17 ms, found 1 plugins.
Preloading 0 native plugins for Editor in 0.00 ms.
Invoked RoslynAnalysisRunner static constructor.
RoslynAnalysisRunner will not be running.
RoslynAnalysisRunner has terminated.
Mono: successfully reloaded assembly
- Completed reload, in  0.792 seconds
Platform modules already initialized, skipping
========================================================================
Worker process is ready to serve import requests
Launched and connected shader compiler UnityShaderCompiler.exe after 0.05 seconds
Refreshing native plugins compatible for Editor in 0.40 ms, found 1 plugins.
Preloading 0 native plugins for Editor in 0.00 ms.
Unloading 1812 Unused Serialized files (Serialized files now loaded: 0)
System memory in use before: 85.3 MB.
System memory in use after: 85.3 MB.

Unloading 24 unused Assets to reduce memory usage. Loaded Objects now: 2255.
Total: 2.025300 ms (FindLiveObjects: 0.208300 ms CreateObjectMapping: 0.048500 ms MarkObjects: 1.606600 ms  DeleteObjects: 0.160700 ms)

========================================================================
Received Import Request.
  path: Assets/Prefabs/InventotySlot.prefab
  artifactKey: Guid(b51dddca86b51db449c3640e691ca9c2) Importer(815301076,1909f56bfc062723c751e8b465ee728b)
Start importing Assets/Prefabs/InventotySlot.prefab using Guid(b51dddca86b51db449c3640e691ca9c2) Importer(815301076,1909f56bfc062723c751e8b465ee728b)  -> (artifact id: '55f1b5f602fc2c31abd36023480ce342') in 0.062275 seconds
  Import took 0.065216 seconds .

========================================================================
Received Import Request.
  Time since last request: 163.619414 seconds.
  path: Assets/Prefabs/InventotySlot.prefab
  artifactKey: Guid(b51dddca86b51db449c3640e691ca9c2) Importer(815301076,1909f56bfc062723c751e8b465ee728b)
Start importing Assets/Prefabs/InventotySlot.prefab using Guid(b51dddca86b51db449c3640e691ca9c2) Importer(815301076,1909f56bfc062723c751e8b465ee728b)  -> (artifact id: '88e228eb414b7ca78bc797d31da37963') in 0.003573 seconds
  Import took 0.006691 seconds .

========================================================================
Received Import Request.
  Time since last request: 144.524016 seconds.
  path: Assets/Prefabs/InventotySlot.prefab
  artifactKey: Guid(b51dddca86b51db449c3640e691ca9c2) Importer(815301076,1909f56bfc062723c751e8b465ee728b)
Start importing Assets/Prefabs/InventotySlot.prefab using Guid(b51dddca86b51db449c3640e691ca9c2) Importer(815301076,1909f56bfc062723c751e8b465ee728b)  -> (artifact id: '40f1f698a9f9c3e2133f254fa26f9643') in 0.004030 seconds
  Import took 0.007024 seconds .

========================================================================
Received Import Request.
  Time since last request: 13.027615 seconds.
  path: Assets/Prefabs/InventotySlot.prefab
  artifactKey: Guid(b51dddca86b51db449c3640e691ca9c2) Importer(815301076,1909f56bfc062723c751e8b465ee728b)
Start importing Assets/Prefabs/InventotySlot.prefab using Guid(b51dddca86b51db449c3640e691ca9c2) Importer(815301076,1909f56bfc062723c751e8b465ee728b)  -> (artifact id: 'b5d9d5b4a4de3e742bd2cfd07b3c4003') in 0.003449 seconds
  Import took 0.006282 seconds .

========================================================================
Received Import Request.
  Time since last request: 302.509681 seconds.
  path: Assets/Animation/Inventory.controller
  artifactKey: Guid(6edc4f486220d884cb6ef34e4c40f515) Importer(815301076,1909f56bfc062723c751e8b465ee728b)
Start importing Assets/Animation/Inventory.controller using Guid(6edc4f486220d884cb6ef34e4c40f515) Importer(815301076,1909f56bfc062723c751e8b465ee728b)  -> (artifact id: 'bc0b90b45659cc640b6f66e2f69626ad') in 0.004807 seconds
  Import took 0.007648 seconds .

========================================================================
Received Import Request.
  Time since last request: 0.001490 seconds.
  path: Assets/Animation/Inventory.controller
  artifactKey: Guid(6edc4f486220d884cb6ef34e4c40f515) Importer(815301076,1909f56bfc062723c751e8b465ee728b)
Start importing Assets/Animation/Inventory.controller using Guid(6edc4f486220d884cb6ef34e4c40f515) Importer(815301076,1909f56bfc062723c751e8b465ee728b)  -> (artifact id: 'bc0b90b45659cc640b6f66e2f69626ad') in 0.002455 seconds
  Import took 0.004666 seconds .

========================================================================
Received Prepare
Registering precompiled user dll's ...
Registered in 0.001312 seconds.
Begin MonoManager ReloadAssembly
Symbol file data-000001C60E5A9230 doesn't match image C:\Users\otili\Documents\GameProject_1Line\_Porträtt av Döden\PortrattAvDoden\Library\ScriptAssemblies\UnityEngine.TestRunner.dll
Symbol file LoadedFromMemory is not a mono symbol file
Native extension for WindowsStandalone target not found
Native extension for WebGL target not found
Refreshing native plugins compatible for Editor in 0.42 ms, found 1 plugins.
Preloading 0 native plugins for Editor in 0.00 ms.
Invoked RoslynAnalysisRunner static constructor.
RoslynAnalysisRunner will not be running.
RoslynAnalysisRunner has terminated.
Mono: successfully reloaded assembly
- Completed reload, in  0.741 seconds
Platform modules already initialized, skipping
Refreshing native plugins compatible for Editor in 0.41 ms, found 1 plugins.
Preloading 0 native plugins for Editor in 0.00 ms.
Unloading 1807 Unused Serialized files (Serialized files now loaded: 0)
System memory in use before: 85.3 MB.
System memory in use after: 85.3 MB.

Unloading 13 unused Assets to reduce memory usage. Loaded Objects now: 2258.
Total: 2.194600 ms (FindLiveObjects: 0.251400 ms CreateObjectMapping: 0.047500 ms MarkObjects: 1.759500 ms  DeleteObjects: 0.134700 ms)

========================================================================
Received Prepare
Registering precompiled user dll's ...
Registered in 0.001085 seconds.
Begin MonoManager ReloadAssembly
Symbol file data-000001C6315B0010 doesn't match image C:\Users\otili\Documents\GameProject_1Line\_Porträtt av Döden\PortrattAvDoden\Library\ScriptAssemblies\UnityEngine.TestRunner.dll
Symbol file LoadedFromMemory is not a mono symbol file
Native extension for WindowsStandalone target not found
Native extension for WebGL target not found
Refreshing native plugins compatible for Editor in 0.43 ms, found 1 plugins.
Preloading 0 native plugins for Editor in 0.00 ms.
Invoked RoslynAnalysisRunner static constructor.
RoslynAnalysisRunner will not be running.
RoslynAnalysisRunner has terminated.
Mono: successfully reloaded assembly
- Completed reload, in  0.713 seconds
Platform modules already initialized, skipping
Refreshing native plugins compatible for Editor in 0.43 ms, found 1 plugins.
Preloading 0 native plugins for Editor in 0.00 ms.
Unloading 1807 Unused Serialized files (Serialized files now loaded: 0)
System memory in use before: 85.4 MB.
System memory in use after: 85.4 MB.

Unloading 12 unused Assets to reduce memory usage. Loaded Objects now: 2261.
Total: 2.225800 ms (FindLiveObjects: 0.287900 ms CreateObjectMapping: 0.054000 ms MarkObjects: 1.767600 ms  DeleteObjects: 0.115200 ms)

========================================================================
Received Prepare
Registering precompiled user dll's ...
Registered in 0.001121 seconds.
Begin MonoManager ReloadAssembly
Symbol file data-000001C6099ABBB0 doesn't match image C:\Users\otili\Documents\GameProject_1Line\_Porträtt av Döden\PortrattAvDoden\Library\ScriptAssemblies\UnityEngine.TestRunner.dll
Symbol file LoadedFromMemory is not a mono symbol file
Native extension for WindowsStandalone target not found
Native extension for WebGL target not found
Refreshing native plugins compatible for Editor in 0.43 ms, found 1 plugins.
Preloading 0 native plugins for Editor in 0.00 ms.
Invoked RoslynAnalysisRunner static constructor.
RoslynAnalysisRunner will not be running.
RoslynAnalysisRunner has terminated.
Mono: successfully reloaded assembly
- Completed reload, in  0.724 seconds
Platform modules already initialized, skipping
Refreshing native plugins compatible for Editor in 0.43 ms, found 1 plugins.
Preloading 0 native plugins for Editor in 0.00 ms.
Unloading 1807 Unused Serialized files (Serialized files now loaded: 0)
System memory in use before: 85.4 MB.
System memory in use after: 85.4 MB.

Unloading 12 unused Assets to reduce memory usage. Loaded Objects now: 2264.
Total: 2.216800 ms (FindLiveObjects: 0.302900 ms CreateObjectMapping: 0.057600 ms MarkObjects: 1.728700 ms  DeleteObjects: 0.126300 ms)

========================================================================
Received Prepare
Registering precompiled user dll's ...
Registered in 0.001098 seconds.
Begin MonoManager ReloadAssembly
Symbol file data-000001C6099ABBB0 doesn't match image C:\Users\otili\Documents\GameProject_1Line\_Porträtt av Döden\PortrattAvDoden\Library\ScriptAssemblies\UnityEngine.TestRunner.dll
Symbol file LoadedFromMemory is not a mono symbol file
Native extension for WindowsStandalone target not found
Native extension for WebGL target not found
Refreshing native plugins compatible for Editor in 0.42 ms, found 1 plugins.
Preloading 0 native plugins for Editor in 0.00 ms.
Invoked RoslynAnalysisRunner static constructor.
RoslynAnalysisRunner will not be running.
RoslynAnalysisRunner has terminated.
Mono: successfully reloaded assembly
- Completed reload, in  0.718 seconds
Platform modules already initialized, skipping
Refreshing native plugins compatible for Editor in 0.40 ms, found 1 plugins.
Preloading 0 native plugins for Editor in 0.00 ms.
Unloading 1807 Unused Serialized files (Serialized files now loaded: 0)
System memory in use before: 85.4 MB.
System memory in use after: 85.4 MB.

Unloading 12 unused Assets to reduce memory usage. Loaded Objects now: 2267.
Total: 2.363600 ms (FindLiveObjects: 0.318400 ms CreateObjectMapping: 0.062500 ms MarkObjects: 1.863900 ms  DeleteObjects: 0.117400 ms)

========================================================================
Received Import Request.
  Time since last request: 312.851343 seconds.
  path: Assets/Animation/InventoryBar.anim
  artifactKey: Guid(91f609156793be345894c6e52537d321) Importer(815301076,1909f56bfc062723c751e8b465ee728b)
Start importing Assets/Animation/InventoryBar.anim using Guid(91f609156793be345894c6e52537d321) Importer(815301076,1909f56bfc062723c751e8b465ee728b)  -> (artifact id: '4bc8f8628ff36bed12f5a0969aad62ec') in 0.013129 seconds
  Import took 0.016222 seconds .

========================================================================
Received Prepare
Registering precompiled user dll's ...
Registered in 0.001039 seconds.
Begin MonoManager ReloadAssembly
Symbol file data-000001C6099ABBB0 doesn't match image C:\Users\otili\Documents\GameProject_1Line\_Porträtt av Döden\PortrattAvDoden\Library\ScriptAssemblies\UnityEngine.TestRunner.dll
Symbol file LoadedFromMemory is not a mono symbol file
Native extension for WindowsStandalone target not found
Native extension for WebGL target not found
Refreshing native plugins compatible for Editor in 0.42 ms, found 1 plugins.
Preloading 0 native plugins for Editor in 0.00 ms.
Invoked RoslynAnalysisRunner static constructor.
RoslynAnalysisRunner will not be running.
RoslynAnalysisRunner has terminated.
Mono: successfully reloaded assembly
- Completed reload, in  0.726 seconds
Platform modules already initialized, skipping
Refreshing native plugins compatible for Editor in 0.42 ms, found 1 plugins.
Preloading 0 native plugins for Editor in 0.00 ms.
Unloading 1807 Unused Serialized files (Serialized files now loaded: 0)
System memory in use before: 85.4 MB.
System memory in use after: 85.4 MB.

Unloading 12 unused Assets to reduce memory usage. Loaded Objects now: 2270.
Total: 1.997900 ms (FindLiveObjects: 0.230900 ms CreateObjectMapping: 0.052600 ms MarkObjects: 1.576200 ms  DeleteObjects: 0.136900 ms)

========================================================================
Received Import Request.
  Time since last request: 152.654358 seconds.
  path: Assets/Scripts/Inventory.cs
  artifactKey: Guid(8afc4676d76a5eb468f4100be0d04c59) Importer(815301076,1909f56bfc062723c751e8b465ee728b)
Start importing Assets/Scripts/Inventory.cs using Guid(8afc4676d76a5eb468f4100be0d04c59) Importer(815301076,1909f56bfc062723c751e8b465ee728b)  -> (artifact id: 'c80529f43495c3cb8b358158aa54fb6b') in 0.008059 seconds
  Import took 0.013064 seconds .

========================================================================
Received Prepare
Registering precompiled user dll's ...
Registered in 0.001013 seconds.
Begin MonoManager ReloadAssembly
Symbol file data-000001C60F2D0020 doesn't match image C:\Users\otili\Documents\GameProject_1Line\_Porträtt av Döden\PortrattAvDoden\Library\ScriptAssemblies\UnityEngine.TestRunner.dll
Symbol file LoadedFromMemory is not a mono symbol file
Native extension for WindowsStandalone target not found
Native extension for WebGL target not found
Refreshing native plugins compatible for Editor in 0.42 ms, found 1 plugins.
Preloading 0 native plugins for Editor in 0.00 ms.
Invoked RoslynAnalysisRunner static constructor.
RoslynAnalysisRunner will not be running.
RoslynAnalysisRunner has terminated.
Mono: successfully reloaded assembly
- Completed reload, in  0.732 seconds
Platform modules already initialized, skipping
Refreshing native plugins compatible for Editor in 0.63 ms, found 1 plugins.
Preloading 0 native plugins for Editor in 0.00 ms.
Unloading 1808 Unused Serialized files (Serialized files now loaded: 0)
System memory in use before: 85.5 MB.
System memory in use after: 85.5 MB.

Unloading 12 unused Assets to reduce memory usage. Loaded Objects now: 2274.
Total: 2.005000 ms (FindLiveObjects: 0.255300 ms CreateObjectMapping: 0.042500 ms MarkObjects: 1.599900 ms  DeleteObjects: 0.106200 ms)

========================================================================
Received Prepare
Registering precompiled user dll's ...
Registered in 0.001064 seconds.
Begin MonoManager ReloadAssembly
Symbol file data-000001C6099ABBB0 doesn't match image C:\Users\otili\Documents\GameProject_1Line\_Porträtt av Döden\PortrattAvDoden\Library\ScriptAssemblies\UnityEngine.TestRunner.dll
Symbol file LoadedFromMemory is not a mono symbol file
Native extension for WindowsStandalone target not found
Native extension for WebGL target not found
Refreshing native plugins compatible for Editor in 0.42 ms, found 1 plugins.
Preloading 0 native plugins for Editor in 0.00 ms.
Invoked RoslynAnalysisRunner static constructor.
RoslynAnalysisRunner will not be running.
RoslynAnalysisRunner has terminated.
Mono: successfully reloaded assembly
- Completed reload, in  0.722 seconds
Platform modules already initialized, skipping
Refreshing native plugins compatible for Editor in 0.42 ms, found 1 plugins.
Preloading 0 native plugins for Editor in 0.00 ms.
Unloading 1808 Unused Serialized files (Serialized files now loaded: 0)
System memory in use before: 85.5 MB.
System memory in use after: 85.5 MB.

Unloading 12 unused Assets to reduce memory usage. Loaded Objects now: 2277.
Total: 2.280500 ms (FindLiveObjects: 0.221800 ms CreateObjectMapping: 0.042300 ms MarkObjects: 1.895800 ms  DeleteObjects: 0.119100 ms)

========================================================================
Received Prepare
Registering precompiled user dll's ...
Registered in 0.001076 seconds.
Begin MonoManager ReloadAssembly
Symbol file data-000001C6098B0050 doesn't match image C:\Users\otili\Documents\GameProject_1Line\_Porträtt av Döden\PortrattAvDoden\Library\ScriptAssemblies\UnityEngine.TestRunner.dll
Symbol file LoadedFromMemory is not a mono symbol file
Native extension for WindowsStandalone target not found
Native extension for WebGL target not found
Refreshing native plugins compatible for Editor in 0.42 ms, found 1 plugins.
Preloading 0 native plugins for Editor in 0.00 ms.
Invoked RoslynAnalysisRunner static constructor.
RoslynAnalysisRunner will not be running.
RoslynAnalysisRunner has terminated.
Mono: successfully reloaded assembly
- Completed reload, in  0.712 seconds
Platform modules already initialized, skipping
Refreshing native plugins compatible for Editor in 0.40 ms, found 1 plugins.
Preloading 0 native plugins for Editor in 0.00 ms.
Unloading 1808 Unused Serialized files (Serialized files now loaded: 0)
System memory in use before: 85.5 MB.
System memory in use after: 85.5 MB.

Unloading 12 unused Assets to reduce memory usage. Loaded Objects now: 2280.
Total: 2.286400 ms (FindLiveObjects: 0.215000 ms CreateObjectMapping: 0.048400 ms MarkObjects: 1.906300 ms  DeleteObjects: 0.115700 ms)

========================================================================
Received Prepare
Registering precompiled user dll's ...
Registered in 0.001052 seconds.
Begin MonoManager ReloadAssembly
Symbol file data-000001C6104C1050 doesn't match image C:\Users\otili\Documents\GameProject_1Line\_Porträtt av Döden\PortrattAvDoden\Library\ScriptAssemblies\UnityEngine.TestRunner.dll
Symbol file LoadedFromMemory is not a mono symbol file
Native extension for WindowsStandalone target not found
Native extension for WebGL target not found
Refreshing native plugins compatible for Editor in 0.42 ms, found 1 plugins.
Preloading 0 native plugins for Editor in 0.00 ms.
Invoked RoslynAnalysisRunner static constructor.
RoslynAnalysisRunner will not be running.
RoslynAnalysisRunner has terminated.
Mono: successfully reloaded assembly
- Completed reload, in  0.715 seconds
Platform modules already initialized, skipping
Refreshing native plugins compatible for Editor in 0.44 ms, found 1 plugins.
Preloading 0 native plugins for Editor in 0.00 ms.
Unloading 1808 Unused Serialized files (Serialized files now loaded: 0)
System memory in use before: 85.5 MB.
System memory in use after: 85.5 MB.

Unloading 12 unused Assets to reduce memory usage. Loaded Objects now: 2283.
Total: 2.135500 ms (FindLiveObjects: 0.248200 ms CreateObjectMapping: 0.044200 ms MarkObjects: 1.725300 ms  DeleteObjects: 0.116600 ms)

========================================================================
Received Prepare
Registering precompiled user dll's ...
Registered in 0.002140 seconds.
Begin MonoManager ReloadAssembly
Symbol file data-000001C6104C1050 doesn't match image C:\Users\otili\Documents\GameProject_1Line\_Porträtt av Döden\PortrattAvDoden\Library\ScriptAssemblies\UnityEngine.TestRunner.dll
Symbol file LoadedFromMemory is not a mono symbol file
Native extension for WindowsStandalone target not found
Native extension for WebGL target not found
Refreshing native plugins compatible for Editor in 0.47 ms, found 1 plugins.
Preloading 0 native plugins for Editor in 0.00 ms.
Invoked RoslynAnalysisRunner static constructor.
RoslynAnalysisRunner will not be running.
RoslynAnalysisRunner has terminated.
Mono: successfully reloaded assembly
- Completed reload, in  0.739 seconds
Platform modules already initialized, skipping
Refreshing native plugins compatible for Editor in 0.47 ms, found 1 plugins.
Preloading 0 native plugins for Editor in 0.00 ms.
Unloading 1808 Unused Serialized files (Serialized files now loaded: 0)
System memory in use before: 85.5 MB.
System memory in use after: 85.5 MB.

Unloading 12 unused Assets to reduce memory usage. Loaded Objects now: 2286.
Total: 2.345700 ms (FindLiveObjects: 0.261500 ms CreateObjectMapping: 0.049800 ms MarkObjects: 1.919300 ms  DeleteObjects: 0.113600 ms)

========================================================================
Received Prepare
Registering precompiled user dll's ...
Registered in 0.001124 seconds.
Begin MonoManager ReloadAssembly
Symbol file data-000001C610C88050 doesn't match image C:\Users\otili\Documents\GameProject_1Line\_Porträtt av Döden\PortrattAvDoden\Library\ScriptAssemblies\UnityEngine.TestRunner.dll
Symbol file LoadedFromMemory is not a mono symbol file
Native extension for WindowsStandalone target not found
Native extension for WebGL target not found
Refreshing native plugins compatible for Editor in 0.45 ms, found 1 plugins.
Preloading 0 native plugins for Editor in 0.00 ms.
Invoked RoslynAnalysisRunner static constructor.
RoslynAnalysisRunner will not be running.
RoslynAnalysisRunner has terminated.
Mono: successfully reloaded assembly
- Completed reload, in  0.737 seconds
Platform modules already initialized, skipping
Refreshing native plugins compatible for Editor in 0.42 ms, found 1 plugins.
Preloading 0 native plugins for Editor in 0.00 ms.
Unloading 1808 Unused Serialized files (Serialized files now loaded: 0)
System memory in use before: 85.5 MB.
System memory in use after: 85.5 MB.

Unloading 12 unused Assets to reduce memory usage. Loaded Objects now: 2289.
Total: 2.309000 ms (FindLiveObjects: 0.252500 ms CreateObjectMapping: 0.041200 ms MarkObjects: 1.848000 ms  DeleteObjects: 0.165900 ms)

========================================================================
Received Import Request.
  Time since last request: 445.468792 seconds.
  path: Assets/Scripts/Inventory
  artifactKey: Guid(dd7fc8ff8d8e383488c09283e24b0599) Importer(815301076,1909f56bfc062723c751e8b465ee728b)
Start importing Assets/Scripts/Inventory using Guid(dd7fc8ff8d8e383488c09283e24b0599) Importer(815301076,1909f56bfc062723c751e8b465ee728b)  -> (artifact id: '272d41ddc1f9c44c618425ba4e5ad95d') in 0.009195 seconds
  Import took 0.012854 seconds .

========================================================================
Received Prepare
Registering precompiled user dll's ...
Registered in 0.001356 seconds.
Begin MonoManager ReloadAssembly
Symbol file data-000001C6098B0050 doesn't match image C:\Users\otili\Documents\GameProject_1Line\_Porträtt av Döden\PortrattAvDoden\Library\ScriptAssemblies\UnityEngine.TestRunner.dll
Symbol file LoadedFromMemory is not a mono symbol file
Native extension for WindowsStandalone target not found
Native extension for WebGL target not found
Refreshing native plugins compatible for Editor in 0.42 ms, found 1 plugins.
Preloading 0 native plugins for Editor in 0.00 ms.
Invoked RoslynAnalysisRunner static constructor.
RoslynAnalysisRunner will not be running.
RoslynAnalysisRunner has terminated.
Mono: successfully reloaded assembly
- Completed reload, in  0.727 seconds
Platform modules already initialized, skipping
Refreshing native plugins compatible for Editor in 0.40 ms, found 1 plugins.
Preloading 0 native plugins for Editor in 0.00 ms.
Unloading 1808 Unused Serialized files (Serialized files now loaded: 0)
System memory in use before: 85.5 MB.
System memory in use after: 85.5 MB.

Unloading 12 unused Assets to reduce memory usage. Loaded Objects now: 2292.
Total: 1.933300 ms (FindLiveObjects: 0.239900 ms CreateObjectMapping: 0.043100 ms MarkObjects: 1.539800 ms  DeleteObjects: 0.109500 ms)

AssetImportWorkerClient::OnTransportError - code=2 error=End of file
